

*** CYCLE 0
Memory
	Address		Data
	0x00000000	86 00 C0 00 86 80 F0 FF 07 10 81 02 07 14 81 05
	0x00000010	07 18 81 08 01 10 80 04 01 10 00 01 08 1C 01 0A
	0x00000020	06 01 41 00 3F 00 00 00 0A D7 23 3C 0A D7 A3 3C
	0x00000030	8F C2 F5 3C 0A D7 23 3D CD CC 4C 3D 8F C2 75 3D
	0x00000040	29 5C 8F 3D 0A D7 A3 3D EC 51 B8 3D CD CC CC 3D
	0x00000050	AE 47 E1 3D 8F C2 F5 3D 00 00 80 3F 00 00 00 40
	0x00000060	00 00 40 40 00 00 80 40 00 00 A0 40 00 00 C0 40
	0x00000070	00 00 E0 40 00 00 00 41 00 00 10 41 00 00 20 41
	0x00000080	00 00 30 41 00 00 40 41 00 00 C8 42 00 00 CA 42
	0x00000090	00 00 CC 42 00 00 CE 42 00 00 D0 42 00 00 D2 42
	0x000000A0	00 00 D4 42 00 00 D6 42 00 00 D8 42 00 00 DA 42
	0x000000B0	00 00 DC 42 00 00 DE 42 00 00 00 00 00 00 00 00
	0x000000C0	00 00 00 00 00 00 00 00 00 00 00 00 00 00 00 00
	0x000000D0	00 00 00 00 00 00 00 00 00 00 00 00 00 00 00 00
	0x000000E0	00 00 00 00 00 00 00 00
Registers (integer):
	x0=0x00000000	x1=0x00000000	x2=0x00000000	x3=0x00000000
	x4=0x00000000	x5=0x00000000	x6=0x00000000	x7=0x00000000
	x8=0x00000000	x9=0x00000000	x10=0x00000000	x11=0x00000000
	x12=0x00000000	x13=0x00000000	x14=0x00000000	x15=0x00000000
	x16=0x00000000	x17=0x00000000	x18=0x00000000	x19=0x00000000
	x20=0x00000000	x21=0x00000000	x22=0x00000000	x23=0x00000000
	x24=0x00000000	x25=0x00000000	x26=0x00000000	x27=0x00000000
	x28=0x00000000	x29=0x00000000	x30=0x00000000	x31=0x00000000
Registers (floating point):
	f0=0         	f1=0         	f2=0         	f3=0         
	f4=0         	f5=0         	f6=0         	f7=0         
	f8=0         	f9=0         	f10=0         	f11=0         
	f12=0         	f13=0         	f14=0         	f15=0         
	f16=0         	f17=0         	f18=0         	f19=0         
	f20=0         	f21=0         	f22=0         	f23=0         
	f24=0         	f25=0         	f26=0         	f27=0         
	f28=0         	f29=0         	f30=0         	f31=0         
pc:
	pc	0x00000000
ifid:
	instr	NOP
INT fu:
ADD fu:
MULT fu:
DIV fu:
wb:



*** CYCLE 1
Memory
	Address		Data
	0x00000000	86 00 C0 00 86 80 F0 FF 07 10 81 02 07 14 81 05
	0x00000010	07 18 81 08 01 10 80 04 01 10 00 01 08 1C 01 0A
	0x00000020	06 01 41 00 3F 00 00 00 0A D7 23 3C 0A D7 A3 3C
	0x00000030	8F C2 F5 3C 0A D7 23 3D CD CC 4C 3D 8F C2 75 3D
	0x00000040	29 5C 8F 3D 0A D7 A3 3D EC 51 B8 3D CD CC CC 3D
	0x00000050	AE 47 E1 3D 8F C2 F5 3D 00 00 80 3F 00 00 00 40
	0x00000060	00 00 40 40 00 00 80 40 00 00 A0 40 00 00 C0 40
	0x00000070	00 00 E0 40 00 00 00 41 00 00 10 41 00 00 20 41
	0x00000080	00 00 30 41 00 00 40 41 00 00 C8 42 00 00 CA 42
	0x00000090	00 00 CC 42 00 00 CE 42 00 00 D0 42 00 00 D2 42
	0x000000A0	00 00 D4 42 00 00 D6 42 00 00 D8 42 00 00 DA 42
	0x000000B0	00 00 DC 42 00 00 DE 42 00 00 00 00 00 00 00 00
	0x000000C0	00 00 00 00 00 00 00 00 00 00 00 00 00 00 00 00
	0x000000D0	00 00 00 00 00 00 00 00 00 00 00 00 00 00 00 00
	0x000000E0	00 00 00 00 00 00 00 00
Registers (integer):
	x0=0x00000000	x1=0x00000000	x2=0x00000000	x3=0x00000000
	x4=0x00000000	x5=0x00000000	x6=0x00000000	x7=0x00000000
	x8=0x00000000	x9=0x00000000	x10=0x00000000	x11=0x00000000
	x12=0x00000000	x13=0x00000000	x14=0x00000000	x15=0x00000000
	x16=0x00000000	x17=0x00000000	x18=0x00000000	x19=0x00000000
	x20=0x00000000	x21=0x00000000	x22=0x00000000	x23=0x00000000
	x24=0x00000000	x25=0x00000000	x26=0x00000000	x27=0x00000000
	x28=0x00000000	x29=0x00000000	x30=0x00000000	x31=0x00000000
Registers (floating point):
	f0=0         	f1=0         	f2=0         	f3=0         
	f4=0         	f5=0         	f6=0         	f7=0         
	f8=0         	f9=0         	f10=0         	f11=0         
	f12=0         	f13=0         	f14=0         	f15=0         
	f16=0         	f17=0         	f18=0         	f19=0         
	f20=0         	f21=0         	f22=0         	f23=0         
	f24=0         	f25=0         	f26=0         	f27=0         
	f28=0         	f29=0         	f30=0         	f31=0         
pc:
	pc	0x00000004
ifid:
	instr	addi x1 x0 #12
INT fu:
ADD fu:
MULT fu:
DIV fu:
wb:



*** CYCLE 2
Memory
	Address		Data
	0x00000000	86 00 C0 00 86 80 F0 FF 07 10 81 02 07 14 81 05
	0x00000010	07 18 81 08 01 10 80 04 01 10 00 01 08 1C 01 0A
	0x00000020	06 01 41 00 3F 00 00 00 0A D7 23 3C 0A D7 A3 3C
	0x00000030	8F C2 F5 3C 0A D7 23 3D CD CC 4C 3D 8F C2 75 3D
	0x00000040	29 5C 8F 3D 0A D7 A3 3D EC 51 B8 3D CD CC CC 3D
	0x00000050	AE 47 E1 3D 8F C2 F5 3D 00 00 80 3F 00 00 00 40
	0x00000060	00 00 40 40 00 00 80 40 00 00 A0 40 00 00 C0 40
	0x00000070	00 00 E0 40 00 00 00 41 00 00 10 41 00 00 20 41
	0x00000080	00 00 30 41 00 00 40 41 00 00 C8 42 00 00 CA 42
	0x00000090	00 00 CC 42 00 00 CE 42 00 00 D0 42 00 00 D2 42
	0x000000A0	00 00 D4 42 00 00 D6 42 00 00 D8 42 00 00 DA 42
	0x000000B0	00 00 DC 42 00 00 DE 42 00 00 00 00 00 00 00 00
	0x000000C0	00 00 00 00 00 00 00 00 00 00 00 00 00 00 00 00
	0x000000D0	00 00 00 00 00 00 00 00 00 00 00 00 00 00 00 00
	0x000000E0	00 00 00 00 00 00 00 00
Registers (integer):
	x0=0x00000000	x1=0x00000000	x2=0x00000000	x3=0x00000000
	x4=0x00000000	x5=0x00000000	x6=0x00000000	x7=0x00000000
	x8=0x00000000	x9=0x00000000	x10=0x00000000	x11=0x00000000
	x12=0x00000000	x13=0x00000000	x14=0x00000000	x15=0x00000000
	x16=0x00000000	x17=0x00000000	x18=0x00000000	x19=0x00000000
	x20=0x00000000	x21=0x00000000	x22=0x00000000	x23=0x00000000
	x24=0x00000000	x25=0x00000000	x26=0x00000000	x27=0x00000000
	x28=0x00000000	x29=0x00000000	x30=0x00000000	x31=0x00000000
Registers (floating point):
	f0=0         	f1=0         	f2=0         	f3=0         
	f4=0         	f5=0         	f6=0         	f7=0         
	f8=0         	f9=0         	f10=0         	f11=0         
	f12=0         	f13=0         	f14=0         	f15=0         
	f16=0         	f17=0         	f18=0         	f19=0         
	f20=0         	f21=0         	f22=0         	f23=0         
	f24=0         	f25=0         	f26=0         	f27=0         
	f28=0         	f29=0         	f30=0         	f31=0         
pc:
	pc	0x00000008
ifid:
	instr	addi x1 x1 #-1
INT fu:
		name 'INT', stage 1 (from end), cycle 0/1, addi x1 x0 #12
ADD fu:
MULT fu:
DIV fu:
wb:



*** CYCLE 3
Memory
	Address		Data
	0x00000000	86 00 C0 00 86 80 F0 FF 07 10 81 02 07 14 81 05
	0x00000010	07 18 81 08 01 10 80 04 01 10 00 01 08 1C 01 0A
	0x00000020	06 01 41 00 3F 00 00 00 0A D7 23 3C 0A D7 A3 3C
	0x00000030	8F C2 F5 3C 0A D7 23 3D CD CC 4C 3D 8F C2 75 3D
	0x00000040	29 5C 8F 3D 0A D7 A3 3D EC 51 B8 3D CD CC CC 3D
	0x00000050	AE 47 E1 3D 8F C2 F5 3D 00 00 80 3F 00 00 00 40
	0x00000060	00 00 40 40 00 00 80 40 00 00 A0 40 00 00 C0 40
	0x00000070	00 00 E0 40 00 00 00 41 00 00 10 41 00 00 20 41
	0x00000080	00 00 30 41 00 00 40 41 00 00 C8 42 00 00 CA 42
	0x00000090	00 00 CC 42 00 00 CE 42 00 00 D0 42 00 00 D2 42
	0x000000A0	00 00 D4 42 00 00 D6 42 00 00 D8 42 00 00 DA 42
	0x000000B0	00 00 DC 42 00 00 DE 42 00 00 00 00 00 00 00 00
	0x000000C0	00 00 00 00 00 00 00 00 00 00 00 00 00 00 00 00
	0x000000D0	00 00 00 00 00 00 00 00 00 00 00 00 00 00 00 00
	0x000000E0	00 00 00 00 00 00 00 00
Registers (integer):
	x0=0x00000000	x1=0x00000000	x2=0x00000000	x3=0x00000000
	x4=0x00000000	x5=0x00000000	x6=0x00000000	x7=0x00000000
	x8=0x00000000	x9=0x00000000	x10=0x00000000	x11=0x00000000
	x12=0x00000000	x13=0x00000000	x14=0x00000000	x15=0x00000000
	x16=0x00000000	x17=0x00000000	x18=0x00000000	x19=0x00000000
	x20=0x00000000	x21=0x00000000	x22=0x00000000	x23=0x00000000
	x24=0x00000000	x25=0x00000000	x26=0x00000000	x27=0x00000000
	x28=0x00000000	x29=0x00000000	x30=0x00000000	x31=0x00000000
Registers (floating point):
	f0=0         	f1=0         	f2=0         	f3=0         
	f4=0         	f5=0         	f6=0         	f7=0         
	f8=0         	f9=0         	f10=0         	f11=0         
	f12=0         	f13=0         	f14=0         	f15=0         
	f16=0         	f17=0         	f18=0         	f19=0         
	f20=0         	f21=0         	f22=0         	f23=0         
	f24=0         	f25=0         	f26=0         	f27=0         
	f28=0         	f29=0         	f30=0         	f31=0         
pc:
	pc	0x00000008
ifid:
	instr	addi x1 x1 #-1
INT fu:
		name 'INT', stage 0 (from end), cycle 0/1, addi x1 x0 #12
ADD fu:
MULT fu:
DIV fu:
wb:



*** CYCLE 4
Memory
	Address		Data
	0x00000000	86 00 C0 00 86 80 F0 FF 07 10 81 02 07 14 81 05
	0x00000010	07 18 81 08 01 10 80 04 01 10 00 01 08 1C 01 0A
	0x00000020	06 01 41 00 3F 00 00 00 0A D7 23 3C 0A D7 A3 3C
	0x00000030	8F C2 F5 3C 0A D7 23 3D CD CC 4C 3D 8F C2 75 3D
	0x00000040	29 5C 8F 3D 0A D7 A3 3D EC 51 B8 3D CD CC CC 3D
	0x00000050	AE 47 E1 3D 8F C2 F5 3D 00 00 80 3F 00 00 00 40
	0x00000060	00 00 40 40 00 00 80 40 00 00 A0 40 00 00 C0 40
	0x00000070	00 00 E0 40 00 00 00 41 00 00 10 41 00 00 20 41
	0x00000080	00 00 30 41 00 00 40 41 00 00 C8 42 00 00 CA 42
	0x00000090	00 00 CC 42 00 00 CE 42 00 00 D0 42 00 00 D2 42
	0x000000A0	00 00 D4 42 00 00 D6 42 00 00 D8 42 00 00 DA 42
	0x000000B0	00 00 DC 42 00 00 DE 42 00 00 00 00 00 00 00 00
	0x000000C0	00 00 00 00 00 00 00 00 00 00 00 00 00 00 00 00
	0x000000D0	00 00 00 00 00 00 00 00 00 00 00 00 00 00 00 00
	0x000000E0	00 00 00 00 00 00 00 00
Registers (integer):
	x0=0x00000000	x1=0x00000000	x2=0x00000000	x3=0x00000000
	x4=0x00000000	x5=0x00000000	x6=0x00000000	x7=0x00000000
	x8=0x00000000	x9=0x00000000	x10=0x00000000	x11=0x00000000
	x12=0x00000000	x13=0x00000000	x14=0x00000000	x15=0x00000000
	x16=0x00000000	x17=0x00000000	x18=0x00000000	x19=0x00000000
	x20=0x00000000	x21=0x00000000	x22=0x00000000	x23=0x00000000
	x24=0x00000000	x25=0x00000000	x26=0x00000000	x27=0x00000000
	x28=0x00000000	x29=0x00000000	x30=0x00000000	x31=0x00000000
Registers (floating point):
	f0=0         	f1=0         	f2=0         	f3=0         
	f4=0         	f5=0         	f6=0         	f7=0         
	f8=0         	f9=0         	f10=0         	f11=0         
	f12=0         	f13=0         	f14=0         	f15=0         
	f16=0         	f17=0         	f18=0         	f19=0         
	f20=0         	f21=0         	f22=0         	f23=0         
	f24=0         	f25=0         	f26=0         	f27=0         
	f28=0         	f29=0         	f30=0         	f31=0         
pc:
	pc	0x00000008
ifid:
	instr	addi x1 x1 #-1
INT fu:
ADD fu:
MULT fu:
DIV fu:
wb:
		addi x1 x0 #12


*** CYCLE 5
Memory
	Address		Data
	0x00000000	86 00 C0 00 86 80 F0 FF 07 10 81 02 07 14 81 05
	0x00000010	07 18 81 08 01 10 80 04 01 10 00 01 08 1C 01 0A
	0x00000020	06 01 41 00 3F 00 00 00 0A D7 23 3C 0A D7 A3 3C
	0x00000030	8F C2 F5 3C 0A D7 23 3D CD CC 4C 3D 8F C2 75 3D
	0x00000040	29 5C 8F 3D 0A D7 A3 3D EC 51 B8 3D CD CC CC 3D
	0x00000050	AE 47 E1 3D 8F C2 F5 3D 00 00 80 3F 00 00 00 40
	0x00000060	00 00 40 40 00 00 80 40 00 00 A0 40 00 00 C0 40
	0x00000070	00 00 E0 40 00 00 00 41 00 00 10 41 00 00 20 41
	0x00000080	00 00 30 41 00 00 40 41 00 00 C8 42 00 00 CA 42
	0x00000090	00 00 CC 42 00 00 CE 42 00 00 D0 42 00 00 D2 42
	0x000000A0	00 00 D4 42 00 00 D6 42 00 00 D8 42 00 00 DA 42
	0x000000B0	00 00 DC 42 00 00 DE 42 00 00 00 00 00 00 00 00
	0x000000C0	00 00 00 00 00 00 00 00 00 00 00 00 00 00 00 00
	0x000000D0	00 00 00 00 00 00 00 00 00 00 00 00 00 00 00 00
	0x000000E0	00 00 00 00 00 00 00 00
Registers (integer):
	x0=0x00000000	x1=0x0000000C	x2=0x00000000	x3=0x00000000
	x4=0x00000000	x5=0x00000000	x6=0x00000000	x7=0x00000000
	x8=0x00000000	x9=0x00000000	x10=0x00000000	x11=0x00000000
	x12=0x00000000	x13=0x00000000	x14=0x00000000	x15=0x00000000
	x16=0x00000000	x17=0x00000000	x18=0x00000000	x19=0x00000000
	x20=0x00000000	x21=0x00000000	x22=0x00000000	x23=0x00000000
	x24=0x00000000	x25=0x00000000	x26=0x00000000	x27=0x00000000
	x28=0x00000000	x29=0x00000000	x30=0x00000000	x31=0x00000000
Registers (floating point):
	f0=0         	f1=0         	f2=0         	f3=0         
	f4=0         	f5=0         	f6=0         	f7=0         
	f8=0         	f9=0         	f10=0         	f11=0         
	f12=0         	f13=0         	f14=0         	f15=0         
	f16=0         	f17=0         	f18=0         	f19=0         
	f20=0         	f21=0         	f22=0         	f23=0         
	f24=0         	f25=0         	f26=0         	f27=0         
	f28=0         	f29=0         	f30=0         	f31=0         
pc:
	pc	0x0000000C
ifid:
	instr	flw f0 (40)x2
INT fu:
		name 'INT', stage 1 (from end), cycle 0/1, addi x1 x1 #-1
ADD fu:
MULT fu:
DIV fu:
wb:



*** CYCLE 6
Memory
	Address		Data
	0x00000000	86 00 C0 00 86 80 F0 FF 07 10 81 02 07 14 81 05
	0x00000010	07 18 81 08 01 10 80 04 01 10 00 01 08 1C 01 0A
	0x00000020	06 01 41 00 3F 00 00 00 0A D7 23 3C 0A D7 A3 3C
	0x00000030	8F C2 F5 3C 0A D7 23 3D CD CC 4C 3D 8F C2 75 3D
	0x00000040	29 5C 8F 3D 0A D7 A3 3D EC 51 B8 3D CD CC CC 3D
	0x00000050	AE 47 E1 3D 8F C2 F5 3D 00 00 80 3F 00 00 00 40
	0x00000060	00 00 40 40 00 00 80 40 00 00 A0 40 00 00 C0 40
	0x00000070	00 00 E0 40 00 00 00 41 00 00 10 41 00 00 20 41
	0x00000080	00 00 30 41 00 00 40 41 00 00 C8 42 00 00 CA 42
	0x00000090	00 00 CC 42 00 00 CE 42 00 00 D0 42 00 00 D2 42
	0x000000A0	00 00 D4 42 00 00 D6 42 00 00 D8 42 00 00 DA 42
	0x000000B0	00 00 DC 42 00 00 DE 42 00 00 00 00 00 00 00 00
	0x000000C0	00 00 00 00 00 00 00 00 00 00 00 00 00 00 00 00
	0x000000D0	00 00 00 00 00 00 00 00 00 00 00 00 00 00 00 00
	0x000000E0	00 00 00 00 00 00 00 00
Registers (integer):
	x0=0x00000000	x1=0x0000000C	x2=0x00000000	x3=0x00000000
	x4=0x00000000	x5=0x00000000	x6=0x00000000	x7=0x00000000
	x8=0x00000000	x9=0x00000000	x10=0x00000000	x11=0x00000000
	x12=0x00000000	x13=0x00000000	x14=0x00000000	x15=0x00000000
	x16=0x00000000	x17=0x00000000	x18=0x00000000	x19=0x00000000
	x20=0x00000000	x21=0x00000000	x22=0x00000000	x23=0x00000000
	x24=0x00000000	x25=0x00000000	x26=0x00000000	x27=0x00000000
	x28=0x00000000	x29=0x00000000	x30=0x00000000	x31=0x00000000
Registers (floating point):
	f0=0         	f1=0         	f2=0         	f3=0         
	f4=0         	f5=0         	f6=0         	f7=0         
	f8=0         	f9=0         	f10=0         	f11=0         
	f12=0         	f13=0         	f14=0         	f15=0         
	f16=0         	f17=0         	f18=0         	f19=0         
	f20=0         	f21=0         	f22=0         	f23=0         
	f24=0         	f25=0         	f26=0         	f27=0         
	f28=0         	f29=0         	f30=0         	f31=0         
pc:
	pc	0x00000010
ifid:
	instr	flw f8 (88)x2
INT fu:
		name 'INT', stage 0 (from end), cycle 0/1, addi x1 x1 #-1
		name 'INT', stage 1 (from end), cycle 0/1, flw f0 (40)x2
ADD fu:
MULT fu:
DIV fu:
wb:



*** CYCLE 7
Memory
	Address		Data
	0x00000000	86 00 C0 00 86 80 F0 FF 07 10 81 02 07 14 81 05
	0x00000010	07 18 81 08 01 10 80 04 01 10 00 01 08 1C 01 0A
	0x00000020	06 01 41 00 3F 00 00 00 0A D7 23 3C 0A D7 A3 3C
	0x00000030	8F C2 F5 3C 0A D7 23 3D CD CC 4C 3D 8F C2 75 3D
	0x00000040	29 5C 8F 3D 0A D7 A3 3D EC 51 B8 3D CD CC CC 3D
	0x00000050	AE 47 E1 3D 8F C2 F5 3D 00 00 80 3F 00 00 00 40
	0x00000060	00 00 40 40 00 00 80 40 00 00 A0 40 00 00 C0 40
	0x00000070	00 00 E0 40 00 00 00 41 00 00 10 41 00 00 20 41
	0x00000080	00 00 30 41 00 00 40 41 00 00 C8 42 00 00 CA 42
	0x00000090	00 00 CC 42 00 00 CE 42 00 00 D0 42 00 00 D2 42
	0x000000A0	00 00 D4 42 00 00 D6 42 00 00 D8 42 00 00 DA 42
	0x000000B0	00 00 DC 42 00 00 DE 42 00 00 00 00 00 00 00 00
	0x000000C0	00 00 00 00 00 00 00 00 00 00 00 00 00 00 00 00
	0x000000D0	00 00 00 00 00 00 00 00 00 00 00 00 00 00 00 00
	0x000000E0	00 00 00 00 00 00 00 00
Registers (integer):
	x0=0x00000000	x1=0x0000000C	x2=0x00000000	x3=0x00000000
	x4=0x00000000	x5=0x00000000	x6=0x00000000	x7=0x00000000
	x8=0x00000000	x9=0x00000000	x10=0x00000000	x11=0x00000000
	x12=0x00000000	x13=0x00000000	x14=0x00000000	x15=0x00000000
	x16=0x00000000	x17=0x00000000	x18=0x00000000	x19=0x00000000
	x20=0x00000000	x21=0x00000000	x22=0x00000000	x23=0x00000000
	x24=0x00000000	x25=0x00000000	x26=0x00000000	x27=0x00000000
	x28=0x00000000	x29=0x00000000	x30=0x00000000	x31=0x00000000
Registers (floating point):
	f0=0         	f1=0         	f2=0         	f3=0         
	f4=0         	f5=0         	f6=0         	f7=0         
	f8=0         	f9=0         	f10=0         	f11=0         
	f12=0         	f13=0         	f14=0         	f15=0         
	f16=0         	f17=0         	f18=0         	f19=0         
	f20=0         	f21=0         	f22=0         	f23=0         
	f24=0         	f25=0         	f26=0         	f27=0         
	f28=0         	f29=0         	f30=0         	f31=0         
pc:
	pc	0x00000014
ifid:
	instr	flw f16 (136)x2
INT fu:
		name 'INT', stage 0 (from end), cycle 0/1, flw f0 (40)x2
		name 'INT', stage 1 (from end), cycle 0/1, flw f8 (88)x2
ADD fu:
MULT fu:
DIV fu:
wb:
		addi x1 x1 #-1


*** CYCLE 8
Memory
	Address		Data
	0x00000000	86 00 C0 00 86 80 F0 FF 07 10 81 02 07 14 81 05
	0x00000010	07 18 81 08 01 10 80 04 01 10 00 01 08 1C 01 0A
	0x00000020	06 01 41 00 3F 00 00 00 0A D7 23 3C 0A D7 A3 3C
	0x00000030	8F C2 F5 3C 0A D7 23 3D CD CC 4C 3D 8F C2 75 3D
	0x00000040	29 5C 8F 3D 0A D7 A3 3D EC 51 B8 3D CD CC CC 3D
	0x00000050	AE 47 E1 3D 8F C2 F5 3D 00 00 80 3F 00 00 00 40
	0x00000060	00 00 40 40 00 00 80 40 00 00 A0 40 00 00 C0 40
	0x00000070	00 00 E0 40 00 00 00 41 00 00 10 41 00 00 20 41
	0x00000080	00 00 30 41 00 00 40 41 00 00 C8 42 00 00 CA 42
	0x00000090	00 00 CC 42 00 00 CE 42 00 00 D0 42 00 00 D2 42
	0x000000A0	00 00 D4 42 00 00 D6 42 00 00 D8 42 00 00 DA 42
	0x000000B0	00 00 DC 42 00 00 DE 42 00 00 00 00 00 00 00 00
	0x000000C0	00 00 00 00 00 00 00 00 00 00 00 00 00 00 00 00
	0x000000D0	00 00 00 00 00 00 00 00 00 00 00 00 00 00 00 00
	0x000000E0	00 00 00 00 00 00 00 00
Registers (integer):
	x0=0x00000000	x1=0x0000000B	x2=0x00000000	x3=0x00000000
	x4=0x00000000	x5=0x00000000	x6=0x00000000	x7=0x00000000
	x8=0x00000000	x9=0x00000000	x10=0x00000000	x11=0x00000000
	x12=0x00000000	x13=0x00000000	x14=0x00000000	x15=0x00000000
	x16=0x00000000	x17=0x00000000	x18=0x00000000	x19=0x00000000
	x20=0x00000000	x21=0x00000000	x22=0x00000000	x23=0x00000000
	x24=0x00000000	x25=0x00000000	x26=0x00000000	x27=0x00000000
	x28=0x00000000	x29=0x00000000	x30=0x00000000	x31=0x00000000
Registers (floating point):
	f0=0         	f1=0         	f2=0         	f3=0         
	f4=0         	f5=0         	f6=0         	f7=0         
	f8=0         	f9=0         	f10=0         	f11=0         
	f12=0         	f13=0         	f14=0         	f15=0         
	f16=0         	f17=0         	f18=0         	f19=0         
	f20=0         	f21=0         	f22=0         	f23=0         
	f24=0         	f25=0         	f26=0         	f27=0         
	f28=0         	f29=0         	f30=0         	f31=0         
pc:
	pc	0x00000018
ifid:
	instr	fmult.s f0 f0 f8
INT fu:
		name 'INT', stage 0 (from end), cycle 0/1, flw f8 (88)x2
		name 'INT', stage 1 (from end), cycle 0/1, flw f16 (136)x2
ADD fu:
MULT fu:
DIV fu:
wb:
		flw f0 (40)x2


*** CYCLE 9
Memory
	Address		Data
	0x00000000	86 00 C0 00 86 80 F0 FF 07 10 81 02 07 14 81 05
	0x00000010	07 18 81 08 01 10 80 04 01 10 00 01 08 1C 01 0A
	0x00000020	06 01 41 00 3F 00 00 00 0A D7 23 3C 0A D7 A3 3C
	0x00000030	8F C2 F5 3C 0A D7 23 3D CD CC 4C 3D 8F C2 75 3D
	0x00000040	29 5C 8F 3D 0A D7 A3 3D EC 51 B8 3D CD CC CC 3D
	0x00000050	AE 47 E1 3D 8F C2 F5 3D 00 00 80 3F 00 00 00 40
	0x00000060	00 00 40 40 00 00 80 40 00 00 A0 40 00 00 C0 40
	0x00000070	00 00 E0 40 00 00 00 41 00 00 10 41 00 00 20 41
	0x00000080	00 00 30 41 00 00 40 41 00 00 C8 42 00 00 CA 42
	0x00000090	00 00 CC 42 00 00 CE 42 00 00 D0 42 00 00 D2 42
	0x000000A0	00 00 D4 42 00 00 D6 42 00 00 D8 42 00 00 DA 42
	0x000000B0	00 00 DC 42 00 00 DE 42 00 00 00 00 00 00 00 00
	0x000000C0	00 00 00 00 00 00 00 00 00 00 00 00 00 00 00 00
	0x000000D0	00 00 00 00 00 00 00 00 00 00 00 00 00 00 00 00
	0x000000E0	00 00 00 00 00 00 00 00
Registers (integer):
	x0=0x00000000	x1=0x0000000B	x2=0x00000000	x3=0x00000000
	x4=0x00000000	x5=0x00000000	x6=0x00000000	x7=0x00000000
	x8=0x00000000	x9=0x00000000	x10=0x00000000	x11=0x00000000
	x12=0x00000000	x13=0x00000000	x14=0x00000000	x15=0x00000000
	x16=0x00000000	x17=0x00000000	x18=0x00000000	x19=0x00000000
	x20=0x00000000	x21=0x00000000	x22=0x00000000	x23=0x00000000
	x24=0x00000000	x25=0x00000000	x26=0x00000000	x27=0x00000000
	x28=0x00000000	x29=0x00000000	x30=0x00000000	x31=0x00000000
Registers (floating point):
	f0=10        	f1=0         	f2=0         	f3=0         
	f4=0         	f5=0         	f6=0         	f7=0         
	f8=0         	f9=0         	f10=0         	f11=0         
	f12=0         	f13=0         	f14=0         	f15=0         
	f16=0         	f17=0         	f18=0         	f19=0         
	f20=0         	f21=0         	f22=0         	f23=0         
	f24=0         	f25=0         	f26=0         	f27=0         
	f28=0         	f29=0         	f30=0         	f31=0         
pc:
	pc	0x0000001C
ifid:
	instr	fadd.s f0 f0 f16
INT fu:
		name 'INT', stage 0 (from end), cycle 0/1, flw f16 (136)x2
ADD fu:
MULT fu:
		name 'MULT', stage 3 (from end), cycle 0/1, fmult.s f0 f0 f8
DIV fu:
wb:
		flw f8 (88)x2


*** CYCLE 10
Memory
	Address		Data
	0x00000000	86 00 C0 00 86 80 F0 FF 07 10 81 02 07 14 81 05
	0x00000010	07 18 81 08 01 10 80 04 01 10 00 01 08 1C 01 0A
	0x00000020	06 01 41 00 3F 00 00 00 0A D7 23 3C 0A D7 A3 3C
	0x00000030	8F C2 F5 3C 0A D7 23 3D CD CC 4C 3D 8F C2 75 3D
	0x00000040	29 5C 8F 3D 0A D7 A3 3D EC 51 B8 3D CD CC CC 3D
	0x00000050	AE 47 E1 3D 8F C2 F5 3D 00 00 80 3F 00 00 00 40
	0x00000060	00 00 40 40 00 00 80 40 00 00 A0 40 00 00 C0 40
	0x00000070	00 00 E0 40 00 00 00 41 00 00 10 41 00 00 20 41
	0x00000080	00 00 30 41 00 00 40 41 00 00 C8 42 00 00 CA 42
	0x00000090	00 00 CC 42 00 00 CE 42 00 00 D0 42 00 00 D2 42
	0x000000A0	00 00 D4 42 00 00 D6 42 00 00 D8 42 00 00 DA 42
	0x000000B0	00 00 DC 42 00 00 DE 42 00 00 00 00 00 00 00 00
	0x000000C0	00 00 00 00 00 00 00 00 00 00 00 00 00 00 00 00
	0x000000D0	00 00 00 00 00 00 00 00 00 00 00 00 00 00 00 00
	0x000000E0	00 00 00 00 00 00 00 00
Registers (integer):
	x0=0x00000000	x1=0x0000000B	x2=0x00000000	x3=0x00000000
	x4=0x00000000	x5=0x00000000	x6=0x00000000	x7=0x00000000
	x8=0x00000000	x9=0x00000000	x10=0x00000000	x11=0x00000000
	x12=0x00000000	x13=0x00000000	x14=0x00000000	x15=0x00000000
	x16=0x00000000	x17=0x00000000	x18=0x00000000	x19=0x00000000
	x20=0x00000000	x21=0x00000000	x22=0x00000000	x23=0x00000000
	x24=0x00000000	x25=0x00000000	x26=0x00000000	x27=0x00000000
	x28=0x00000000	x29=0x00000000	x30=0x00000000	x31=0x00000000
Registers (floating point):
	f0=10        	f1=0         	f2=0         	f3=0         
	f4=0         	f5=0         	f6=0         	f7=0         
	f8=0         	f9=0         	f10=0         	f11=0         
	f12=0         	f13=0         	f14=0         	f15=0         
	f16=0         	f17=0         	f18=0         	f19=0         
	f20=0         	f21=0         	f22=0         	f23=0         
	f24=0         	f25=0         	f26=0         	f27=0         
	f28=0         	f29=0         	f30=0         	f31=0         
pc:
	pc	0x0000001C
ifid:
	instr	fadd.s f0 f0 f16
INT fu:
ADD fu:
MULT fu:
		name 'MULT', stage 2 (from end), cycle 0/1, fmult.s f0 f0 f8
DIV fu:
wb:
		flw f16 (136)x2


*** CYCLE 11
Memory
	Address		Data
	0x00000000	86 00 C0 00 86 80 F0 FF 07 10 81 02 07 14 81 05
	0x00000010	07 18 81 08 01 10 80 04 01 10 00 01 08 1C 01 0A
	0x00000020	06 01 41 00 3F 00 00 00 0A D7 23 3C 0A D7 A3 3C
	0x00000030	8F C2 F5 3C 0A D7 23 3D CD CC 4C 3D 8F C2 75 3D
	0x00000040	29 5C 8F 3D 0A D7 A3 3D EC 51 B8 3D CD CC CC 3D
	0x00000050	AE 47 E1 3D 8F C2 F5 3D 00 00 80 3F 00 00 00 40
	0x00000060	00 00 40 40 00 00 80 40 00 00 A0 40 00 00 C0 40
	0x00000070	00 00 E0 40 00 00 00 41 00 00 10 41 00 00 20 41
	0x00000080	00 00 30 41 00 00 40 41 00 00 C8 42 00 00 CA 42
	0x00000090	00 00 CC 42 00 00 CE 42 00 00 D0 42 00 00 D2 42
	0x000000A0	00 00 D4 42 00 00 D6 42 00 00 D8 42 00 00 DA 42
	0x000000B0	00 00 DC 42 00 00 DE 42 00 00 00 00 00 00 00 00
	0x000000C0	00 00 00 00 00 00 00 00 00 00 00 00 00 00 00 00
	0x000000D0	00 00 00 00 00 00 00 00 00 00 00 00 00 00 00 00
	0x000000E0	00 00 00 00 00 00 00 00
Registers (integer):
	x0=0x00000000	x1=0x0000000B	x2=0x00000000	x3=0x00000000
	x4=0x00000000	x5=0x00000000	x6=0x00000000	x7=0x00000000
	x8=0x00000000	x9=0x00000000	x10=0x00000000	x11=0x00000000
	x12=0x00000000	x13=0x00000000	x14=0x00000000	x15=0x00000000
	x16=0x00000000	x17=0x00000000	x18=0x00000000	x19=0x00000000
	x20=0x00000000	x21=0x00000000	x22=0x00000000	x23=0x00000000
	x24=0x00000000	x25=0x00000000	x26=0x00000000	x27=0x00000000
	x28=0x00000000	x29=0x00000000	x30=0x00000000	x31=0x00000000
Registers (floating point):
	f0=10        	f1=0         	f2=0         	f3=0         
	f4=0         	f5=0         	f6=0         	f7=0         
	f8=0         	f9=0         	f10=0         	f11=0         
	f12=0         	f13=0         	f14=0         	f15=0         
	f16=0         	f17=0         	f18=0         	f19=0         
	f20=0         	f21=0         	f22=0         	f23=0         
	f24=0         	f25=0         	f26=0         	f27=0         
	f28=0         	f29=0         	f30=0         	f31=0         
pc:
	pc	0x0000001C
ifid:
	instr	fadd.s f0 f0 f16
INT fu:
ADD fu:
MULT fu:
		name 'MULT', stage 1 (from end), cycle 0/1, fmult.s f0 f0 f8
DIV fu:
wb:



*** CYCLE 12
Memory
	Address		Data
	0x00000000	86 00 C0 00 86 80 F0 FF 07 10 81 02 07 14 81 05
	0x00000010	07 18 81 08 01 10 80 04 01 10 00 01 08 1C 01 0A
	0x00000020	06 01 41 00 3F 00 00 00 0A D7 23 3C 0A D7 A3 3C
	0x00000030	8F C2 F5 3C 0A D7 23 3D CD CC 4C 3D 8F C2 75 3D
	0x00000040	29 5C 8F 3D 0A D7 A3 3D EC 51 B8 3D CD CC CC 3D
	0x00000050	AE 47 E1 3D 8F C2 F5 3D 00 00 80 3F 00 00 00 40
	0x00000060	00 00 40 40 00 00 80 40 00 00 A0 40 00 00 C0 40
	0x00000070	00 00 E0 40 00 00 00 41 00 00 10 41 00 00 20 41
	0x00000080	00 00 30 41 00 00 40 41 00 00 C8 42 00 00 CA 42
	0x00000090	00 00 CC 42 00 00 CE 42 00 00 D0 42 00 00 D2 42
	0x000000A0	00 00 D4 42 00 00 D6 42 00 00 D8 42 00 00 DA 42
	0x000000B0	00 00 DC 42 00 00 DE 42 00 00 00 00 00 00 00 00
	0x000000C0	00 00 00 00 00 00 00 00 00 00 00 00 00 00 00 00
	0x000000D0	00 00 00 00 00 00 00 00 00 00 00 00 00 00 00 00
	0x000000E0	00 00 00 00 00 00 00 00
Registers (integer):
	x0=0x00000000	x1=0x0000000B	x2=0x00000000	x3=0x00000000
	x4=0x00000000	x5=0x00000000	x6=0x00000000	x7=0x00000000
	x8=0x00000000	x9=0x00000000	x10=0x00000000	x11=0x00000000
	x12=0x00000000	x13=0x00000000	x14=0x00000000	x15=0x00000000
	x16=0x00000000	x17=0x00000000	x18=0x00000000	x19=0x00000000
	x20=0x00000000	x21=0x00000000	x22=0x00000000	x23=0x00000000
	x24=0x00000000	x25=0x00000000	x26=0x00000000	x27=0x00000000
	x28=0x00000000	x29=0x00000000	x30=0x00000000	x31=0x00000000
Registers (floating point):
	f0=10        	f1=0         	f2=0         	f3=0         
	f4=0         	f5=0         	f6=0         	f7=0         
	f8=0         	f9=0         	f10=0         	f11=0         
	f12=0         	f13=0         	f14=0         	f15=0         
	f16=0         	f17=0         	f18=0         	f19=0         
	f20=0         	f21=0         	f22=0         	f23=0         
	f24=0         	f25=0         	f26=0         	f27=0         
	f28=0         	f29=0         	f30=0         	f31=0         
pc:
	pc	0x0000001C
ifid:
	instr	fadd.s f0 f0 f16
INT fu:
ADD fu:
MULT fu:
		name 'MULT', stage 0 (from end), cycle 0/1, fmult.s f0 f0 f8
DIV fu:
wb:



*** CYCLE 13
Memory
	Address		Data
	0x00000000	86 00 C0 00 86 80 F0 FF 07 10 81 02 07 14 81 05
	0x00000010	07 18 81 08 01 10 80 04 01 10 00 01 08 1C 01 0A
	0x00000020	06 01 41 00 3F 00 00 00 0A D7 23 3C 0A D7 A3 3C
	0x00000030	8F C2 F5 3C 0A D7 23 3D CD CC 4C 3D 8F C2 75 3D
	0x00000040	29 5C 8F 3D 0A D7 A3 3D EC 51 B8 3D CD CC CC 3D
	0x00000050	AE 47 E1 3D 8F C2 F5 3D 00 00 80 3F 00 00 00 40
	0x00000060	00 00 40 40 00 00 80 40 00 00 A0 40 00 00 C0 40
	0x00000070	00 00 E0 40 00 00 00 41 00 00 10 41 00 00 20 41
	0x00000080	00 00 30 41 00 00 40 41 00 00 C8 42 00 00 CA 42
	0x00000090	00 00 CC 42 00 00 CE 42 00 00 D0 42 00 00 D2 42
	0x000000A0	00 00 D4 42 00 00 D6 42 00 00 D8 42 00 00 DA 42
	0x000000B0	00 00 DC 42 00 00 DE 42 00 00 00 00 00 00 00 00
	0x000000C0	00 00 00 00 00 00 00 00 00 00 00 00 00 00 00 00
	0x000000D0	00 00 00 00 00 00 00 00 00 00 00 00 00 00 00 00
	0x000000E0	00 00 00 00 00 00 00 00
Registers (integer):
	x0=0x00000000	x1=0x0000000B	x2=0x00000000	x3=0x00000000
	x4=0x00000000	x5=0x00000000	x6=0x00000000	x7=0x00000000
	x8=0x00000000	x9=0x00000000	x10=0x00000000	x11=0x00000000
	x12=0x00000000	x13=0x00000000	x14=0x00000000	x15=0x00000000
	x16=0x00000000	x17=0x00000000	x18=0x00000000	x19=0x00000000
	x20=0x00000000	x21=0x00000000	x22=0x00000000	x23=0x00000000
	x24=0x00000000	x25=0x00000000	x26=0x00000000	x27=0x00000000
	x28=0x00000000	x29=0x00000000	x30=0x00000000	x31=0x00000000
Registers (floating point):
	f0=10        	f1=0         	f2=0         	f3=0         
	f4=0         	f5=0         	f6=0         	f7=0         
	f8=0         	f9=0         	f10=0         	f11=0         
	f12=0         	f13=0         	f14=0         	f15=0         
	f16=0         	f17=0         	f18=0         	f19=0         
	f20=0         	f21=0         	f22=0         	f23=0         
	f24=0         	f25=0         	f26=0         	f27=0         
	f28=0         	f29=0         	f30=0         	f31=0         
pc:
	pc	0x0000001C
ifid:
	instr	fadd.s f0 f0 f16
INT fu:
ADD fu:
MULT fu:
DIV fu:
wb:
		fmult.s f0 f0 f8


*** CYCLE 14
Memory
	Address		Data
	0x00000000	86 00 C0 00 86 80 F0 FF 07 10 81 02 07 14 81 05
	0x00000010	07 18 81 08 01 10 80 04 01 10 00 01 08 1C 01 0A
	0x00000020	06 01 41 00 3F 00 00 00 0A D7 23 3C 0A D7 A3 3C
	0x00000030	8F C2 F5 3C 0A D7 23 3D CD CC 4C 3D 8F C2 75 3D
	0x00000040	29 5C 8F 3D 0A D7 A3 3D EC 51 B8 3D CD CC CC 3D
	0x00000050	AE 47 E1 3D 8F C2 F5 3D 00 00 80 3F 00 00 00 40
	0x00000060	00 00 40 40 00 00 80 40 00 00 A0 40 00 00 C0 40
	0x00000070	00 00 E0 40 00 00 00 41 00 00 10 41 00 00 20 41
	0x00000080	00 00 30 41 00 00 40 41 00 00 C8 42 00 00 CA 42
	0x00000090	00 00 CC 42 00 00 CE 42 00 00 D0 42 00 00 D2 42
	0x000000A0	00 00 D4 42 00 00 D6 42 00 00 D8 42 00 00 DA 42
	0x000000B0	00 00 DC 42 00 00 DE 42 00 00 00 00 00 00 00 00
	0x000000C0	00 00 00 00 00 00 00 00 00 00 00 00 00 00 00 00
	0x000000D0	00 00 00 00 00 00 00 00 00 00 00 00 00 00 00 00
	0x000000E0	00 00 00 00 00 00 00 00
Registers (integer):
	x0=0x00000000	x1=0x0000000B	x2=0x00000000	x3=0x00000000
	x4=0x00000000	x5=0x00000000	x6=0x00000000	x7=0x00000000
	x8=0x00000000	x9=0x00000000	x10=0x00000000	x11=0x00000000
	x12=0x00000000	x13=0x00000000	x14=0x00000000	x15=0x00000000
	x16=0x00000000	x17=0x00000000	x18=0x00000000	x19=0x00000000
	x20=0x00000000	x21=0x00000000	x22=0x00000000	x23=0x00000000
	x24=0x00000000	x25=0x00000000	x26=0x00000000	x27=0x00000000
	x28=0x00000000	x29=0x00000000	x30=0x00000000	x31=0x00000000
Registers (floating point):
	f0=0         	f1=0         	f2=0         	f3=0         
	f4=0         	f5=0         	f6=0         	f7=0         
	f8=0         	f9=0         	f10=0         	f11=0         
	f12=0         	f13=0         	f14=0         	f15=0         
	f16=0         	f17=0         	f18=0         	f19=0         
	f20=0         	f21=0         	f22=0         	f23=0         
	f24=0         	f25=0         	f26=0         	f27=0         
	f28=0         	f29=0         	f30=0         	f31=0         
pc:
	pc	0x00000020
ifid:
	instr	fsw f0 (184)x2
INT fu:
ADD fu:
		name 'ADD', stage 2 (from end), cycle 0/1, fadd.s f0 f0 f16
MULT fu:
DIV fu:
wb:



*** CYCLE 15
Memory
	Address		Data
	0x00000000	86 00 C0 00 86 80 F0 FF 07 10 81 02 07 14 81 05
	0x00000010	07 18 81 08 01 10 80 04 01 10 00 01 08 1C 01 0A
	0x00000020	06 01 41 00 3F 00 00 00 0A D7 23 3C 0A D7 A3 3C
	0x00000030	8F C2 F5 3C 0A D7 23 3D CD CC 4C 3D 8F C2 75 3D
	0x00000040	29 5C 8F 3D 0A D7 A3 3D EC 51 B8 3D CD CC CC 3D
	0x00000050	AE 47 E1 3D 8F C2 F5 3D 00 00 80 3F 00 00 00 40
	0x00000060	00 00 40 40 00 00 80 40 00 00 A0 40 00 00 C0 40
	0x00000070	00 00 E0 40 00 00 00 41 00 00 10 41 00 00 20 41
	0x00000080	00 00 30 41 00 00 40 41 00 00 C8 42 00 00 CA 42
	0x00000090	00 00 CC 42 00 00 CE 42 00 00 D0 42 00 00 D2 42
	0x000000A0	00 00 D4 42 00 00 D6 42 00 00 D8 42 00 00 DA 42
	0x000000B0	00 00 DC 42 00 00 DE 42 00 00 00 00 00 00 00 00
	0x000000C0	00 00 00 00 00 00 00 00 00 00 00 00 00 00 00 00
	0x000000D0	00 00 00 00 00 00 00 00 00 00 00 00 00 00 00 00
	0x000000E0	00 00 00 00 00 00 00 00
Registers (integer):
	x0=0x00000000	x1=0x0000000B	x2=0x00000000	x3=0x00000000
	x4=0x00000000	x5=0x00000000	x6=0x00000000	x7=0x00000000
	x8=0x00000000	x9=0x00000000	x10=0x00000000	x11=0x00000000
	x12=0x00000000	x13=0x00000000	x14=0x00000000	x15=0x00000000
	x16=0x00000000	x17=0x00000000	x18=0x00000000	x19=0x00000000
	x20=0x00000000	x21=0x00000000	x22=0x00000000	x23=0x00000000
	x24=0x00000000	x25=0x00000000	x26=0x00000000	x27=0x00000000
	x28=0x00000000	x29=0x00000000	x30=0x00000000	x31=0x00000000
Registers (floating point):
	f0=0         	f1=0         	f2=0         	f3=0         
	f4=0         	f5=0         	f6=0         	f7=0         
	f8=0         	f9=0         	f10=0         	f11=0         
	f12=0         	f13=0         	f14=0         	f15=0         
	f16=0         	f17=0         	f18=0         	f19=0         
	f20=0         	f21=0         	f22=0         	f23=0         
	f24=0         	f25=0         	f26=0         	f27=0         
	f28=0         	f29=0         	f30=0         	f31=0         
pc:
	pc	0x00000024
ifid:
	instr	addi x2 x2 #4
INT fu:
		name 'INT', stage 1 (from end), cycle 0/1, fsw f0 (184)x2
ADD fu:
		name 'ADD', stage 1 (from end), cycle 0/1, fadd.s f0 f0 f16
MULT fu:
DIV fu:
wb:



*** CYCLE 16
Memory
	Address		Data
	0x00000000	86 00 C0 00 86 80 F0 FF 07 10 81 02 07 14 81 05
	0x00000010	07 18 81 08 01 10 80 04 01 10 00 01 08 1C 01 0A
	0x00000020	06 01 41 00 3F 00 00 00 0A D7 23 3C 0A D7 A3 3C
	0x00000030	8F C2 F5 3C 0A D7 23 3D CD CC 4C 3D 8F C2 75 3D
	0x00000040	29 5C 8F 3D 0A D7 A3 3D EC 51 B8 3D CD CC CC 3D
	0x00000050	AE 47 E1 3D 8F C2 F5 3D 00 00 80 3F 00 00 00 40
	0x00000060	00 00 40 40 00 00 80 40 00 00 A0 40 00 00 C0 40
	0x00000070	00 00 E0 40 00 00 00 41 00 00 10 41 00 00 20 41
	0x00000080	00 00 30 41 00 00 40 41 00 00 C8 42 00 00 CA 42
	0x00000090	00 00 CC 42 00 00 CE 42 00 00 D0 42 00 00 D2 42
	0x000000A0	00 00 D4 42 00 00 D6 42 00 00 D8 42 00 00 DA 42
	0x000000B0	00 00 DC 42 00 00 DE 42 00 00 00 00 00 00 00 00
	0x000000C0	00 00 00 00 00 00 00 00 00 00 00 00 00 00 00 00
	0x000000D0	00 00 00 00 00 00 00 00 00 00 00 00 00 00 00 00
	0x000000E0	00 00 00 00 00 00 00 00
Registers (integer):
	x0=0x00000000	x1=0x0000000B	x2=0x00000000	x3=0x00000000
	x4=0x00000000	x5=0x00000000	x6=0x00000000	x7=0x00000000
	x8=0x00000000	x9=0x00000000	x10=0x00000000	x11=0x00000000
	x12=0x00000000	x13=0x00000000	x14=0x00000000	x15=0x00000000
	x16=0x00000000	x17=0x00000000	x18=0x00000000	x19=0x00000000
	x20=0x00000000	x21=0x00000000	x22=0x00000000	x23=0x00000000
	x24=0x00000000	x25=0x00000000	x26=0x00000000	x27=0x00000000
	x28=0x00000000	x29=0x00000000	x30=0x00000000	x31=0x00000000
Registers (floating point):
	f0=0         	f1=0         	f2=0         	f3=0         
	f4=0         	f5=0         	f6=0         	f7=0         
	f8=0         	f9=0         	f10=0         	f11=0         
	f12=0         	f13=0         	f14=0         	f15=0         
	f16=0         	f17=0         	f18=0         	f19=0         
	f20=0         	f21=0         	f22=0         	f23=0         
	f24=0         	f25=0         	f26=0         	f27=0         
	f28=0         	f29=0         	f30=0         	f31=0         
pc:
	pc	0x00000028
ifid:
	instr	halt
INT fu:
		name 'INT', stage 0 (from end), cycle 0/1, fsw f0 (184)x2
		name 'INT', stage 1 (from end), cycle 0/1, addi x2 x2 #4
ADD fu:
		name 'ADD', stage 0 (from end), cycle 0/1, fadd.s f0 f0 f16
MULT fu:
DIV fu:
wb:



*** CYCLE 17
Memory
	Address		Data
	0x00000000	86 00 C0 00 86 80 F0 FF 07 10 81 02 07 14 81 05
	0x00000010	07 18 81 08 01 10 80 04 01 10 00 01 08 1C 01 0A
	0x00000020	06 01 41 00 3F 00 00 00 0A D7 23 3C 0A D7 A3 3C
	0x00000030	8F C2 F5 3C 0A D7 23 3D CD CC 4C 3D 8F C2 75 3D
	0x00000040	29 5C 8F 3D 0A D7 A3 3D EC 51 B8 3D CD CC CC 3D
	0x00000050	AE 47 E1 3D 8F C2 F5 3D 00 00 80 3F 00 00 00 40
	0x00000060	00 00 40 40 00 00 80 40 00 00 A0 40 00 00 C0 40
	0x00000070	00 00 E0 40 00 00 00 41 00 00 10 41 00 00 20 41
	0x00000080	00 00 30 41 00 00 40 41 00 00 C8 42 00 00 CA 42
	0x00000090	00 00 CC 42 00 00 CE 42 00 00 D0 42 00 00 D2 42
	0x000000A0	00 00 D4 42 00 00 D6 42 00 00 D8 42 00 00 DA 42
	0x000000B0	00 00 DC 42 00 00 DE 42 00 00 00 00 00 00 00 00
	0x000000C0	00 00 00 00 00 00 00 00 00 00 00 00 00 00 00 00
	0x000000D0	00 00 00 00 00 00 00 00 00 00 00 00 00 00 00 00
	0x000000E0	00 00 00 00 00 00 00 00
Registers (integer):
	x0=0x00000000	x1=0x0000000B	x2=0x00000000	x3=0x00000000
	x4=0x00000000	x5=0x00000000	x6=0x00000000	x7=0x00000000
	x8=0x00000000	x9=0x00000000	x10=0x00000000	x11=0x00000000
	x12=0x00000000	x13=0x00000000	x14=0x00000000	x15=0x00000000
	x16=0x00000000	x17=0x00000000	x18=0x00000000	x19=0x00000000
	x20=0x00000000	x21=0x00000000	x22=0x00000000	x23=0x00000000
	x24=0x00000000	x25=0x00000000	x26=0x00000000	x27=0x00000000
	x28=0x00000000	x29=0x00000000	x30=0x00000000	x31=0x00000000
Registers (floating point):
	f0=0         	f1=0         	f2=0         	f3=0         
	f4=0         	f5=0         	f6=0         	f7=0         
	f8=0         	f9=0         	f10=0         	f11=0         
	f12=0         	f13=0         	f14=0         	f15=0         
	f16=0         	f17=0         	f18=0         	f19=0         
	f20=0         	f21=0         	f22=0         	f23=0         
	f24=0         	f25=0         	f26=0         	f27=0         
	f28=0         	f29=0         	f30=0         	f31=0         
pc:
	pc	0x0000002C
ifid:
	instr	0x3C23D70A
INT fu:
		name 'INT', stage 0 (from end), cycle 0/1, addi x2 x2 #4
ADD fu:
MULT fu:
DIV fu:
wb:
		fsw f0 (184)x2		fadd.s f0 f0 f16


*** CYCLE 18
Memory
	Address		Data
	0x00000000	86 00 C0 00 86 80 F0 FF 07 10 81 02 07 14 81 05
	0x00000010	07 18 81 08 01 10 80 04 01 10 00 01 08 1C 01 0A
	0x00000020	06 01 41 00 3F 00 00 00 0A D7 23 3C 0A D7 A3 3C
	0x00000030	8F C2 F5 3C 0A D7 23 3D CD CC 4C 3D 8F C2 75 3D
	0x00000040	29 5C 8F 3D 0A D7 A3 3D EC 51 B8 3D CD CC CC 3D
	0x00000050	AE 47 E1 3D 8F C2 F5 3D 00 00 80 3F 00 00 00 40
	0x00000060	00 00 40 40 00 00 80 40 00 00 A0 40 00 00 C0 40
	0x00000070	00 00 E0 40 00 00 00 41 00 00 10 41 00 00 20 41
	0x00000080	00 00 30 41 00 00 40 41 00 00 C8 42 00 00 CA 42
	0x00000090	00 00 CC 42 00 00 CE 42 00 00 D0 42 00 00 D2 42
	0x000000A0	00 00 D4 42 00 00 D6 42 00 00 D8 42 00 00 DA 42
	0x000000B0	00 00 DC 42 00 00 DE 42 00 00 00 00 00 00 00 00
	0x000000C0	00 00 00 00 00 00 00 00 00 00 00 00 00 00 00 00
	0x000000D0	00 00 00 00 00 00 00 00 00 00 00 00 00 00 00 00
	0x000000E0	00 00 00 00 00 00 00 00
Registers (integer):
	x0=0x00000000	x1=0x0000000B	x2=0x00000000	x3=0x00000000
	x4=0x00000000	x5=0x00000000	x6=0x00000000	x7=0x00000000
	x8=0x00000000	x9=0x00000000	x10=0x00000000	x11=0x00000000
	x12=0x00000000	x13=0x00000000	x14=0x00000000	x15=0x00000000
	x16=0x00000000	x17=0x00000000	x18=0x00000000	x19=0x00000000
	x20=0x00000000	x21=0x00000000	x22=0x00000000	x23=0x00000000
	x24=0x00000000	x25=0x00000000	x26=0x00000000	x27=0x00000000
	x28=0x00000000	x29=0x00000000	x30=0x00000000	x31=0x00000000
Registers (floating point):
	f0=0         	f1=0         	f2=0         	f3=0         
	f4=0         	f5=0         	f6=0         	f7=0         
	f8=0         	f9=0         	f10=0         	f11=0         
	f12=0         	f13=0         	f14=0         	f15=0         
	f16=0         	f17=0         	f18=0         	f19=0         
	f20=0         	f21=0         	f22=0         	f23=0         
	f24=0         	f25=0         	f26=0         	f27=0         
	f28=0         	f29=0         	f30=0         	f31=0         
pc:
	pc	0x0000002C
ifid:
	instr	0x3C23D70A
INT fu:
ADD fu:
MULT fu:
DIV fu:
wb:
		addi x2 x2 #4


*** CYCLE 19
Memory
	Address		Data
	0x00000000	86 00 C0 00 86 80 F0 FF 07 10 81 02 07 14 81 05
	0x00000010	07 18 81 08 01 10 80 04 01 10 00 01 08 1C 01 0A
	0x00000020	06 01 41 00 3F 00 00 00 0A D7 23 3C 0A D7 A3 3C
	0x00000030	8F C2 F5 3C 0A D7 23 3D CD CC 4C 3D 8F C2 75 3D
	0x00000040	29 5C 8F 3D 0A D7 A3 3D EC 51 B8 3D CD CC CC 3D
	0x00000050	AE 47 E1 3D 8F C2 F5 3D 00 00 80 3F 00 00 00 40
	0x00000060	00 00 40 40 00 00 80 40 00 00 A0 40 00 00 C0 40
	0x00000070	00 00 E0 40 00 00 00 41 00 00 10 41 00 00 20 41
	0x00000080	00 00 30 41 00 00 40 41 00 00 C8 42 00 00 CA 42
	0x00000090	00 00 CC 42 00 00 CE 42 00 00 D0 42 00 00 D2 42
	0x000000A0	00 00 D4 42 00 00 D6 42 00 00 D8 42 00 00 DA 42
	0x000000B0	00 00 DC 42 00 00 DE 42 00 00 00 00 00 00 00 00
	0x000000C0	00 00 00 00 00 00 00 00 00 00 00 00 00 00 00 00
	0x000000D0	00 00 00 00 00 00 00 00 00 00 00 00 00 00 00 00
	0x000000E0	00 00 00 00 00 00 00 00
Registers (integer):
	x0=0x00000000	x1=0x0000000B	x2=0x00000004	x3=0x00000000
	x4=0x00000000	x5=0x00000000	x6=0x00000000	x7=0x00000000
	x8=0x00000000	x9=0x00000000	x10=0x00000000	x11=0x00000000
	x12=0x00000000	x13=0x00000000	x14=0x00000000	x15=0x00000000
	x16=0x00000000	x17=0x00000000	x18=0x00000000	x19=0x00000000
	x20=0x00000000	x21=0x00000000	x22=0x00000000	x23=0x00000000
	x24=0x00000000	x25=0x00000000	x26=0x00000000	x27=0x00000000
	x28=0x00000000	x29=0x00000000	x30=0x00000000	x31=0x00000000
Registers (floating point):
	f0=0         	f1=0         	f2=0         	f3=0         
	f4=0         	f5=0         	f6=0         	f7=0         
	f8=0         	f9=0         	f10=0         	f11=0         
	f12=0         	f13=0         	f14=0         	f15=0         
	f16=0         	f17=0         	f18=0         	f19=0         
	f20=0         	f21=0         	f22=0         	f23=0         
	f24=0         	f25=0         	f26=0         	f27=0         
	f28=0         	f29=0         	f30=0         	f31=0         
pc:
	pc	0x0000002C
ifid:
	instr	0x3C23D70A
INT fu:
ADD fu:
MULT fu:
DIV fu:
wb:

SIMULATION COMPLETE!
EXECUTED 8 INSTRUCTIONS IN 19 CYCLES
CPI:  2.38
